<?xml version="1.0" encoding="UTF-8"?>
<testsuite name="org.library.features.book.BookControllerTest" tests="15" skipped="0" failures="0" errors="0" timestamp="2020-08-30T21:36:25" hostname="USER-KOMPUTER" time="0.685">
  <properties/>
  <testcase name="test_resolveEdit()" classname="org.library.features.book.BookControllerTest" time="0.439"/>
  <testcase name="test_resolveLend()" classname="org.library.features.book.BookControllerTest" time="0.007"/>
  <testcase name="test_setProperListOfAuthors()" classname="org.library.features.book.BookControllerTest" time="0.008"/>
  <testcase name="test_resolveDelete()" classname="org.library.features.book.BookControllerTest" time="0.007"/>
  <testcase name="test_resolveReturn()" classname="org.library.features.book.BookControllerTest" time="0.012"/>
  <testcase name="test_doGet_when_session_attribute_userLogin_is_null()" classname="org.library.features.book.BookControllerTest" time="0.027"/>
  <testcase name="test_doPost_when_lend_button_was_clicked()" classname="org.library.features.book.BookControllerTest" time="0.005"/>
  <testcase name="test_doPost_when_request_doesnt_have_a_proper_button_parameter()" classname="org.library.features.book.BookControllerTest" time="0.014"/>
  <testcase name="test_doPost_when_logout_button_was_clicked()" classname="org.library.features.book.BookControllerTest" time="0.024"/>
  <testcase name="test_doGet_when_userLogin_exists_but_request_parameter_button_doesnt()" classname="org.library.features.book.BookControllerTest" time="0.041"/>
  <testcase name="test_filterBooks_when_request_parameter_author2_doesnt_equal_no_author()" classname="org.library.features.book.BookControllerTest" time="0.016"/>
  <testcase name="test_setProperListOfBooks_when_request_parameter_button_equals_search()" classname="org.library.features.book.BookControllerTest" time="0.012"/>
  <testcase name="test_filterBooks_when_request_parameter_author2_equals_no_author()" classname="org.library.features.book.BookControllerTest" time="0.008"/>
  <testcase name="test_setProperListOfBooks_when_request_parameter_button_is_null()" classname="org.library.features.book.BookControllerTest" time="0.009"/>
  <testcase name="test_setManagementValueIfDoesntExist()" classname="org.library.features.book.BookControllerTest" time="0.011"/>
  <system-out><![CDATA[]]></system-out>
  <system-err><![CDATA[]]></system-err>
</testsuite>
