<?xml version="1.0" encoding="UTF-8"?>
<testsuite name="org.library.features.login.LoginControllerTest" tests="11" skipped="0" failures="0" errors="0" timestamp="2020-08-15T20:51:24" hostname="USER-KOMPUTER" time="8.039">
  <properties/>
  <testcase name="shouldWorkIfValueEquals1()" classname="org.library.features.login.LoginControllerTest" time="6.785"/>
  <testcase name="shouldWorkIfValueEquqls0()" classname="org.library.features.login.LoginControllerTest" time="1.104"/>
  <testcase name="shouldThrowExceptionIfValueIsNot0Or1()" classname="org.library.features.login.LoginControllerTest" time="0.009"/>
  <testcase name="shouldTryToCreateNewAccountAndReturnTrueIfLoginIsCorrect()" classname="org.library.features.login.LoginControllerTest" time="0.026"/>
  <testcase name="shouldReturnFalseWhenThereIsNoLoginProvided()" classname="org.library.features.login.LoginControllerTest" time="0.004"/>
  <testcase name="shouldThrowAnExceptionWhenValueIsnt0Or1()" classname="org.library.features.login.LoginControllerTest" time="0.019"/>
  <testcase name="shouldPrintMessageWhenInputIsntCorrect()" classname="org.library.features.login.LoginControllerTest" time="0.013"/>
  <testcase name="shouldReturnTrueOnlyIfUserProvidedBothParameters()" classname="org.library.features.login.LoginControllerTest" time="0.021"/>
  <testcase name="shouldTryToLoginToProperAccountAndReturnTrueIfLoginIsCorrect()" classname="org.library.features.login.LoginControllerTest" time="0.018"/>
  <testcase name="shouldThrowExceptionIfIsInputProperMethodWasntCalledBefore()" classname="org.library.features.login.LoginControllerTest" time="0.009"/>
  <testcase name="shouldReturnFalseWhenThereIsNoPasswordProvided()" classname="org.library.features.login.LoginControllerTest" time="0.006"/>
  <system-out><![CDATA[Hibernate: select login0_.password as col_0_0_ from login login0_ where user_name=?
Hibernate: select login0_.password as col_0_0_ from login login0_ where user_name=?
Hibernate: select login0_.id as col_0_0_ from login login0_ where user_name=?
]]></system-out>
  <system-err><![CDATA[]]></system-err>
</testsuite>
