<?xml version="1.0" encoding="UTF-8"?>
<testsuite name="org.library.hibernate_util.HibernateUtilTest" tests="1" skipped="0" failures="0" errors="0" timestamp="2020-07-22T09:36:56" hostname="USER-KOMPUTER" time="0.019">
  <properties/>
  <testcase name="sessionShouldNotBeNull()" classname="org.library.hibernate_util.HibernateUtilTest" time="0.019"/>
  <system-out><![CDATA[]]></system-out>
  <system-err><![CDATA[]]></system-err>
</testsuite>
